<?xml version="1.0" encoding="UTF-8"?>
<!-- Generated by org.testng.reporters.JUnitReportReporter -->
<testsuite hostname="AjithL" name="test.testNgtest3" tests="5" failures="0" timestamp="1 Feb 2021 06:04:24 GMT" time="0.022" errors="0">
  <testcase name="thirdgear" time="0.002" classname="test.testNgtest3"/>
  <testcase name="firstgear" time="0.004" classname="test.testNgtest3"/>
  <testcase name="startcar" time="0.010" classname="test.testNgtest3"/>
  <testcase name="secondgear" time="0.003" classname="test.testNgtest3"/>
  <testcase name="forthgear" time="0.003" classname="test.testNgtest3"/>
</testsuite> <!-- test.testNgtest3 -->
