<?xml version="1.0" encoding="UTF-8"?>
<!-- Generated by org.testng.reporters.JUnitReportReporter -->
<testsuite hostname="AjithL" name="test.testNGepeny" tests="3" failures="0" timestamp="1 Feb 2021 04:26:12 GMT" time="0.015" errors="0">
  <testcase name="sslc" time="0.015" classname="test.testNGepeny"/>
  <testcase name="twelth" time="0.000" classname="test.testNGepeny"/>
  <testcase name="eng" time="0.000" classname="test.testNGepeny"/>
</testsuite> <!-- test.testNGepeny -->
