<?xml version="1.0" encoding="UTF-8"?>
<!-- Generated by org.testng.reporters.JUnitReportReporter -->
<testsuite hostname="AjithL" name="test.exceldata" tests="4" failures="0" timestamp="2 Feb 2021 07:13:14 GMT" time="111.100" errors="0">
  <testcase name="login" time="14.739" classname="test.exceldata"/>
  <testcase name="login" time="67.049" classname="test.exceldata"/>
  <testcase name="login" time="14.057" classname="test.exceldata"/>
  <testcase name="login" time="15.255" classname="test.exceldata"/>
</testsuite> <!-- test.exceldata -->
