<?xml version="1.0" encoding="UTF-8"?>
<!-- Generated by org.testng.reporters.JUnitReportReporter -->
<testsuite hostname="AjithL" name="test.testnggrop" tests="4" failures="0" timestamp="1 Feb 2021 06:04:40 GMT" time="0.031" errors="0">
  <testcase name="noika1" time="0.003" classname="test.testnggrop"/>
  <testcase name="vivo1" time="0.002" classname="test.testnggrop"/>
  <testcase name="vivo" time="0.002" classname="test.testnggrop"/>
  <testcase name="noika" time="0.024" classname="test.testnggrop"/>
</testsuite> <!-- test.testnggrop -->
