<?xml version="1.0" encoding="UTF-8"?>
<!-- Generated by org.testng.reporters.JUnitReportReporter -->
<testsuite hostname="AjithL" name="test.testNgtest2" tests="4" failures="0" timestamp="1 Feb 2021 06:04:24 GMT" time="0.008" errors="0">
  <testcase name="thirdgear" time="0.002" classname="test.testNgtest2"/>
  <testcase name="firstgear" time="0.002" classname="test.testNgtest2"/>
  <testcase name="startCar" time="0.002" classname="test.testNgtest2"/>
  <testcase name="seecondgear" time="0.002" classname="test.testNgtest2"/>
</testsuite> <!-- test.testNgtest2 -->
