<?xml version="1.0" encoding="UTF-8"?>
<!-- Generated by org.testng.reporters.JUnitReportReporter -->
<testsuite hostname="AjithL" name="test.pomwithpagefac" tests="1" failures="0" timestamp="3 Feb 2021 06:02:48 GMT" time="24.396" errors="0">
  <testcase name="login" time="24.396" classname="test.pomwithpagefac"/>
</testsuite> <!-- test.pomwithpagefac -->
