<?xml version="1.0" encoding="UTF-8"?>
<!-- Generated by org.testng.reporters.JUnitReportReporter -->
<testsuite hostname="AjithL" name="test.testngtest1" tests="4" failures="0" timestamp="1 Feb 2021 03:22:14 GMT" time="0.046" errors="0">
  <testcase name="forthtestcase" time="0.000" classname="test.testngtest1"/>
  <testcase name="firsttestcase" time="0.046" classname="test.testngtest1"/>
  <testcase name="thirdtestcase" time="0.000" classname="test.testngtest1"/>
  <testcase name="secondtestcase" time="0.000" classname="test.testngtest1"/>
</testsuite> <!-- test.testngtest1 -->
