<?xml version="1.0" encoding="UTF-8"?>
<!-- Generated by org.testng.reporters.JUnitReportReporter -->
<testsuite hostname="AjithL" name="test.data1" tests="4" failures="0" timestamp="2 Feb 2021 05:14:43 GMT" time="72.978" errors="0">
  <testcase name="login" time="18.234" classname="test.data1"/>
  <testcase name="login" time="18.237" classname="test.data1"/>
  <testcase name="login" time="20.069" classname="test.data1"/>
  <testcase name="login" time="16.438" classname="test.data1"/>
</testsuite> <!-- test.data1 -->
