<?xml version="1.0" encoding="UTF-8"?>
<!-- Generated by org.testng.reporters.JUnitReportReporter -->
<testsuite hostname="AjithL" name="test.testpara" tests="1" failures="0" timestamp="1 Feb 2021 06:34:02 GMT" time="0.028" errors="0">
  <testcase name="send" time="0.028" classname="test.testpara"/>
</testsuite> <!-- test.testpara -->
