<?xml version="1.0" encoding="UTF-8"?>
<!-- Generated by org.testng.reporters.JUnitReportReporter -->
<testsuite hostname="AjithL" name="test.NewTest" tests="1" failures="0" timestamp="1 Feb 2021 11:14:15 GMT" time="0.020" errors="0">
  <testcase name="newtest" time="0.020" classname="test.NewTest"/>
</testsuite> <!-- test.NewTest -->
