<?xml version="1.0" encoding="UTF-8"?>
<!-- Generated by org.testng.reporters.JUnitReportReporter -->
<testsuite hostname="AjithL" name="test.testparell" tests="2" failures="0" timestamp="1 Feb 2021 13:14:50 GMT" time="146.590" errors="0">
  <testcase name="opengoogle" time="82.389" classname="test.testparell"/>
  <testcase name="openfacebook" time="64.201" classname="test.testparell"/>
</testsuite> <!-- test.testparell -->
