<?xml version="1.0" encoding="UTF-8"?>
<!-- Generated by org.testng.reporters.JUnitReportReporter -->
<testsuite hostname="AjithL" name="test.pomexm1" tests="1" failures="0" timestamp="3 Feb 2021 04:51:12 GMT" time="31.807" errors="0">
  <testcase name="login" time="31.807" classname="test.pomexm1"/>
</testsuite> <!-- test.pomexm1 -->
