<?xml version="1.0" encoding="UTF-8"?>
<!-- Generated by org.testng.reporters.JUnitReportReporter -->
<testsuite hostname="AjithL" name="test.testNgsite" tests="2" failures="0" timestamp="1 Feb 2021 06:04:24 GMT" time="16.019" errors="0">
  <testcase name="openntn" time="8.769" classname="test.testNgsite"/>
  <testcase name="opengmail" time="7.250" classname="test.testNgsite"/>
</testsuite> <!-- test.testNgsite -->
